[debug] [2018-03-09T08:04:47.529Z] ----------------------------------------------------------------------
[debug] [2018-03-09T08:04:47.536Z] Command:       C:\Program Files (x86)\nodejs\node.exe C:\Users\sarth\AppData\Roaming\npm\node_modules\firebase-tools\bin\firebase init
[debug] [2018-03-09T08:04:47.536Z] CLI Version:   3.17.5
[debug] [2018-03-09T08:04:47.536Z] Platform:      win32
[debug] [2018-03-09T08:04:47.536Z] Node Version:  v8.10.0
[debug] [2018-03-09T08:04:47.537Z] Time:          Fri Mar 09 2018 13:34:47 GMT+0530 (India Standard Time)
[debug] [2018-03-09T08:04:47.537Z] ----------------------------------------------------------------------
[debug] 
[debug] [2018-03-09T08:04:47.545Z] > command requires scopes: ["email","openid","https://www.googleapis.com/auth/cloudplatformprojects.readonly","https://www.googleapis.com/auth/firebase"]
[debug] [2018-03-09T08:04:47.548Z] > authorizing via signed-in user
[info] 
     ######## #### ########  ######## ########     ###     ######  ########
     ##        ##  ##     ## ##       ##     ##  ##   ##  ##       ##
     ######    ##  ########  ######   ########  #########  ######  ######
     ##        ##  ##    ##  ##       ##     ## ##     ##       ## ##
     ##       #### ##     ## ######## ########  ##     ##  ######  ########

You're about to initialize a Firebase project in this directory:

  C:\Users\sarth\Desktop\node

[error] 
[error] Error: Aborted by user.
